#
# There is insufficient memory for the Java Runtime Environment to continue.
# Native memory allocation (malloc) failed to allocate 32744 bytes for ChunkPool::allocate
# Possible reasons:
#   The system is out of physical RAM or swap space
#   In 32 bit mode, the process size limit was hit
# Possible solutions:
#   Reduce memory load on the system
#   Increase physical memory or swap space
#   Check if swap backing store is full
#   Use 64 bit Java on a 64 bit OS
#   Decrease Java heap size (-Xmx/-Xms)
#   Decrease number of Java threads
#   Decrease Java thread stack sizes (-Xss)
#   Set larger code cache with -XX:ReservedCodeCacheSize=
# This output file may be truncated or incomplete.
#
#  Out of Memory Error (allocation.cpp:273), pid=369304, tid=0x000000000005a2e4
#
# JRE version: Java(TM) SE Runtime Environment (8.0_144-b01) (build 1.8.0_144-b01)
# Java VM: Java HotSpot(TM) 64-Bit Server VM (25.144-b01 mixed mode windows-amd64 compressed oops)
# Failed to write core dump. Minidumps are not enabled by default on client versions of Windows
#

---------------  T H R E A D  ---------------

Current thread (0x000000005528d800):  JavaThread "C2 CompilerThread0" daemon [_thread_in_native, id=369380, stack(0x00000000567d0000,0x00000000568d0000)]

Stack: [0x00000000567d0000,0x00000000568d0000]
[error occurred during error reporting (printing stack bounds), id 0xc0000005]

Native frames: (J=compiled Java code, j=interpreted, Vv=VM code, C=native code)


Current CompileTask:
C2:  41388 8118   !   4       org.springframework.core.annotation.AnnotatedElementUtils::searchWithFindSemantics (774 bytes)


---------------  P R O C E S S  ---------------

Java Threads: ( => current thread )
  0x0000000057f4b000 JavaThread "HikariPool-1 housekeeper" daemon [_thread_blocked, id=370432, stack(0x000000005fd80000,0x000000005fe80000)]
  0x0000000057f45000 JavaThread "mysql-cj-abandoned-connection-cleanup" daemon [_thread_blocked, id=370412, stack(0x000000005f900000,0x000000005fa00000)]
  0x0000000057f4a800 JavaThread "container-0" [_thread_blocked, id=370424, stack(0x00000000598a0000,0x00000000599a0000)]
  0x0000000057f48000 JavaThread "Catalina-utility-2" [_thread_blocked, id=370408, stack(0x0000000059cf0000,0x0000000059df0000)]
  0x0000000057f44800 JavaThread "Catalina-utility-1" [_thread_blocked, id=370404, stack(0x000000005d170000,0x000000005d270000)]
  0x0000000057f47800 JavaThread "main" [_thread_in_native, id=369904, stack(0x000000005c890000,0x000000005c990000)]
  0x000000005608c000 JavaThread "Service Thread" daemon [_thread_blocked, id=369392, stack(0x00000000568e0000,0x00000000569e0000)]
  0x0000000056016800 JavaThread "C1 CompilerThread1" daemon [_thread_blocked, id=369388, stack(0x0000000055b10000,0x0000000055c10000)]
=>0x000000005528d800 JavaThread "C2 CompilerThread0" daemon [_thread_in_native, id=369380, stack(0x00000000567d0000,0x00000000568d0000)]
  0x000000005528c000 JavaThread "Attach Listener" daemon [_thread_blocked, id=369376, stack(0x00000000565e0000,0x00000000566e0000)]
  0x000000005528b000 JavaThread "Signal Dispatcher" daemon [_thread_blocked, id=369372, stack(0x00000000564b0000,0x00000000565b0000)]
  0x000000005524d000 JavaThread "Finalizer" daemon [_thread_blocked, id=369368, stack(0x0000000055f00000,0x0000000056000000)]
  0x0000000055200800 JavaThread "Reference Handler" daemon [_thread_blocked, id=369364, stack(0x0000000055dc0000,0x0000000055ec0000)]
  0x00000000025a6000 JavaThread "main" [_thread_blocked, id=369344, stack(0x0000000002950000,0x0000000002a50000)]

Other Threads:
  0x00000000551ee000 VMThread [stack: 0x0000000055c70000,0x0000000055d70000] [id=369360]
  0x0000000056099000 WatcherThread [stack: 0x0000000056ad0000,0x0000000056bd0000] [id=369396]

VM state:not at safepoint (normal execution)

VM Mutex/Monitor currently owned by a thread: None

Heap:
 PSYoungGen      total 240128K, used 25619K [0x00000000eab00000, 0x00000000fcc00000, 0x0000000100000000)
  eden space 219648K, 2% used [0x00000000eab00000,0x00000000eb006640,0x00000000f8180000)
  from space 20480K, 99% used [0x00000000f9b80000,0x00000000faf7e958,0x00000000faf80000)
  to   space 26624K, 0% used [0x00000000f8180000,0x00000000f8180000,0x00000000f9b80000)
 ParOldGen       total 107008K, used 57373K [0x00000000c0000000, 0x00000000c6880000, 0x00000000eab00000)
  object space 107008K, 53% used [0x00000000c0000000,0x00000000c38075b0,0x00000000c6880000)
 Metaspace       used 68995K, capacity 71434K, committed 71680K, reserved 1112064K
  class space    used 9133K, capacity 9706K, committed 9728K, reserved 1048576K

Card table byte_map: [0x00000000120e0000,0x00000000122f0000] byte_map_base: 0x0000000011ae0000

Marking Bits: (ParMarkBitMap*) 0x000000006ab5d850
 Begin Bits: [0x0000000012690000, 0x0000000013690000)
 End Bits:   [0x0000000013690000, 0x0000000014690000)

Polling page: 0x0000000000330000

CodeCache: size=245760Kb used=23990Kb max_used=23990Kb free=221769Kb
 bounds [0x0000000002d20000, 0x00000000044b0000, 0x0000000011d20000]
 total_blobs=7441 nmethods=6895 adapters=457
 compilation: enabled

Compilation events (10 events):
Event: 40.799 Thread 0x0000000056016800 8129       3       org.springframework.core.MethodClassKey::equals (55 bytes)
Event: 40.799 Thread 0x0000000056016800 nmethod 8129 0x0000000004495510 code [0x00000000044956a0, 0x0000000004495bf8]
Event: 40.878 Thread 0x0000000056016800 8130       3       org.springframework.aop.support.AopUtils::canApply (206 bytes)
Event: 40.883 Thread 0x0000000056016800 nmethod 8130 0x0000000004495d10 code [0x0000000004496120, 0x0000000004498598]
Event: 40.908 Thread 0x0000000056016800 8131       3       sun.reflect.generics.parser.SignatureParser::parseTypeVariableSignature (93 bytes)
Event: 40.909 Thread 0x0000000056016800 nmethod 8131 0x0000000004499a90 code [0x0000000004499ce0, 0x000000000449a7b8]
Event: 40.912 Thread 0x0000000056016800 8132       3       org.springframework.core.convert.TypeDescriptor::equals (113 bytes)
Event: 40.918 Thread 0x0000000056016800 nmethod 8132 0x000000000449acd0 code [0x000000000449b1e0, 0x000000000449efe8]
Event: 41.044 Thread 0x0000000056016800 8133       3       java.util.SubList$1::hasNext (20 bytes)
Event: 41.044 Thread 0x0000000056016800 nmethod 8133 0x00000000044a0810 code [0x00000000044a0980, 0x00000000044a0ca8]

GC Heap History (10 events):
Event: 16.729 GC heap before
{Heap before GC invocations=11 (full 1):
 PSYoungGen      total 142848K, used 126976K [0x00000000eab00000, 0x00000000f9180000, 0x0000000100000000)
  eden space 126976K, 100% used [0x00000000eab00000,0x00000000f2700000,0x00000000f2700000)
  from space 15872K, 0% used [0x00000000f2700000,0x00000000f2700000,0x00000000f3680000)
  to   space 16384K, 0% used [0x00000000f8180000,0x00000000f8180000,0x00000000f9180000)
 ParOldGen       total 49152K, used 20262K [0x00000000c0000000, 0x00000000c3000000, 0x00000000eab00000)
  object space 49152K, 41% used [0x00000000c0000000,0x00000000c13c9b08,0x00000000c3000000)
 Metaspace       used 23026K, capacity 23584K, committed 23680K, reserved 1071104K
  class space    used 2694K, capacity 2912K, committed 2944K, reserved 1048576K
Event: 16.777 GC heap after
Heap after GC invocations=11 (full 1):
 PSYoungGen      total 187392K, used 16383K [0x00000000eab00000, 0x00000000f9180000, 0x0000000100000000)
  eden space 171008K, 0% used [0x00000000eab00000,0x00000000eab00000,0x00000000f5200000)
  from space 16384K, 99% used [0x00000000f8180000,0x00000000f917fc40,0x00000000f9180000)
  to   space 18944K, 0% used [0x00000000f6c80000,0x00000000f6c80000,0x00000000f7f00000)
 ParOldGen       total 49152K, used 21515K [0x00000000c0000000, 0x00000000c3000000, 0x00000000eab00000)
  object space 49152K, 43% used [0x00000000c0000000,0x00000000c1502e48,0x00000000c3000000)
 Metaspace       used 23026K, capacity 23584K, committed 23680K, reserved 1071104K
  class space    used 2694K, capacity 2912K, committed 2944K, reserved 1048576K
}
Event: 23.338 GC heap before
{Heap before GC invocations=12 (full 1):
 PSYoungGen      total 187392K, used 157077K [0x00000000eab00000, 0x00000000f9180000, 0x0000000100000000)
  eden space 171008K, 82% used [0x00000000eab00000,0x00000000f3465808,0x00000000f5200000)
  from space 16384K, 99% used [0x00000000f8180000,0x00000000f917fc40,0x00000000f9180000)
  to   space 18944K, 0% used [0x00000000f6c80000,0x00000000f6c80000,0x00000000f7f00000)
 ParOldGen       total 49152K, used 21515K [0x00000000c0000000, 0x00000000c3000000, 0x00000000eab00000)
  object space 49152K, 43% used [0x00000000c0000000,0x00000000c1502e48,0x00000000c3000000)
 Metaspace       used 34305K, capacity 35384K, committed 35456K, reserved 1079296K
  class space    used 4297K, capacity 4665K, committed 4736K, reserved 1048576K
Event: 23.400 GC heap after
Heap after GC invocations=12 (full 1):
 PSYoungGen      total 217088K, used 14912K [0x00000000eab00000, 0x00000000faf80000, 0x0000000100000000)
  eden space 198144K, 0% used [0x00000000eab00000,0x00000000eab00000,0x00000000f6c80000)
  from space 18944K, 78% used [0x00000000f6c80000,0x00000000f7b10180,0x00000000f7f00000)
  to   space 20480K, 0% used [0x00000000f9b80000,0x00000000f9b80000,0x00000000faf80000)
 ParOldGen       total 49152K, used 34495K [0x00000000c0000000, 0x00000000c3000000, 0x00000000eab00000)
  object space 49152K, 70% used [0x00000000c0000000,0x00000000c21afd00,0x00000000c3000000)
 Metaspace       used 34305K, capacity 35384K, committed 35456K, reserved 1079296K
  class space    used 4297K, capacity 4665K, committed 4736K, reserved 1048576K
}
Event: 23.400 GC heap before
{Heap before GC invocations=13 (full 2):
 PSYoungGen      total 217088K, used 14912K [0x00000000eab00000, 0x00000000faf80000, 0x0000000100000000)
  eden space 198144K, 0% used [0x00000000eab00000,0x00000000eab00000,0x00000000f6c80000)
  from space 18944K, 78% used [0x00000000f6c80000,0x00000000f7b10180,0x00000000f7f00000)
  to   space 20480K, 0% used [0x00000000f9b80000,0x00000000f9b80000,0x00000000faf80000)
 ParOldGen       total 49152K, used 34495K [0x00000000c0000000, 0x00000000c3000000, 0x00000000eab00000)
  object space 49152K, 70% used [0x00000000c0000000,0x00000000c21afd00,0x00000000c3000000)
 Metaspace       used 34305K, capacity 35384K, committed 35456K, reserved 1079296K
  class space    used 4297K, capacity 4665K, committed 4736K, reserved 1048576K
Event: 23.714 GC heap after
Heap after GC invocations=13 (full 2):
 PSYoungGen      total 217088K, used 0K [0x00000000eab00000, 0x00000000faf80000, 0x0000000100000000)
  eden space 198144K, 0% used [0x00000000eab00000,0x00000000eab00000,0x00000000f6c80000)
  from space 18944K, 0% used [0x00000000f6c80000,0x00000000f6c80000,0x00000000f7f00000)
  to   space 20480K, 0% used [0x00000000f9b80000,0x00000000f9b80000,0x00000000faf80000)
 ParOldGen       total 49152K, used 45003K [0x00000000c0000000, 0x00000000c3000000, 0x00000000eab00000)
  object space 49152K, 91% used [0x00000000c0000000,0x00000000c2bf2dc8,0x00000000c3000000)
 Metaspace       used 34305K, capacity 35384K, committed 35456K, reserved 1079296K
  class space    used 4297K, capacity 4665K, committed 4736K, reserved 1048576K
}
Event: 31.829 GC heap before
{Heap before GC invocations=14 (full 3):
 PSYoungGen      total 217088K, used 198144K [0x00000000eab00000, 0x00000000faf80000, 0x0000000100000000)
  eden space 198144K, 100% used [0x00000000eab00000,0x00000000f6c80000,0x00000000f6c80000)
  from space 18944K, 0% used [0x00000000f6c80000,0x00000000f6c80000,0x00000000f7f00000)
  to   space 20480K, 0% used [0x00000000f9b80000,0x00000000f9b80000,0x00000000faf80000)
 ParOldGen       total 49152K, used 45003K [0x00000000c0000000, 0x00000000c3000000, 0x00000000eab00000)
  object space 49152K, 91% used [0x00000000c0000000,0x00000000c2bf2dc8,0x00000000c3000000)
 Metaspace       used 50339K, capacity 52450K, committed 52736K, reserved 1095680K
  class space    used 6398K, capacity 6908K, committed 6912K, reserved 1048576K
Event: 32.216 GC heap after
Heap after GC invocations=14 (full 3):
 PSYoungGen      total 217088K, used 9819K [0x00000000eab00000, 0x00000000faf80000, 0x0000000100000000)
  eden space 198144K, 4% used [0x00000000eab00000,0x00000000eb496fe0,0x00000000f6c80000)
  from space 18944K, 0% used [0x00000000f6c80000,0x00000000f6c80000,0x00000000f7f00000)
  to   space 20480K, 0% used [0x00000000f9b80000,0x00000000f9b80000,0x00000000faf80000)
 ParOldGen       total 107008K, used 49094K [0x00000000c0000000, 0x00000000c6880000, 0x00000000eab00000)
  object space 107008K, 45% used [0x00000000c0000000,0x00000000c2ff1b58,0x00000000c6880000)
 Metaspace       used 50339K, capacity 52450K, committed 52736K, reserved 1095680K
  class space    used 6398K, capacity 6908K, committed 6912K, reserved 1048576K
}
Event: 41.133 GC heap before
{Heap before GC invocations=15 (full 3):
 PSYoungGen      total 217088K, used 198144K [0x00000000eab00000, 0x00000000faf80000, 0x0000000100000000)
  eden space 198144K, 100% used [0x00000000eab00000,0x00000000f6c80000,0x00000000f6c80000)
  from space 18944K, 0% used [0x00000000f6c80000,0x00000000f6c80000,0x00000000f7f00000)
  to   space 20480K, 0% used [0x00000000f9b80000,0x00000000f9b80000,0x00000000faf80000)
 ParOldGen       total 107008K, used 49094K [0x00000000c0000000, 0x00000000c6880000, 0x00000000eab00000)
  object space 107008K, 45% used [0x00000000c0000000,0x00000000c2ff1b58,0x00000000c6880000)
 Metaspace       used 68783K, capacity 71274K, committed 71424K, reserved 1112064K
  class space    used 9114K, capacity 9674K, committed 9728K, reserved 1048576K
Event: 41.294 GC heap after
Heap after GC invocations=15 (full 3):
 PSYoungGen      total 240128K, used 20474K [0x00000000eab00000, 0x00000000fcc00000, 0x0000000100000000)
  eden space 219648K, 0% used [0x00000000eab00000,0x00000000eab00000,0x00000000f8180000)
  from space 20480K, 99% used [0x00000000f9b80000,0x00000000faf7e958,0x00000000faf80000)
  to   space 26624K, 0% used [0x00000000f8180000,0x00000000f8180000,0x00000000f9b80000)
 ParOldGen       total 107008K, used 57373K [0x00000000c0000000, 0x00000000c6880000, 0x00000000eab00000)
  object space 107008K, 53% used [0x00000000c0000000,0x00000000c38075b0,0x00000000c6880000)
 Metaspace       used 68783K, capacity 71274K, committed 71424K, reserved 1112064K
  class space    used 9114K, capacity 9674K, committed 9728K, reserved 1048576K
}

Deoptimization events (10 events):
Event: 39.671 Thread 0x0000000057f47800 Uncommon trap: reason=class_check action=maybe_recompile pc=0x000000000408d164 method=java.util.HashMap.removeNode(ILjava/lang/Object;Ljava/lang/Object;ZZ)Ljava/util/HashMap$Node; @ 143
Event: 39.743 Thread 0x0000000057f47800 Uncommon trap: reason=class_check action=maybe_recompile pc=0x000000000408d0b4 method=java.util.HashMap.removeNode(ILjava/lang/Object;Ljava/lang/Object;ZZ)Ljava/util/HashMap$Node; @ 68
Event: 39.743 Thread 0x0000000057f47800 Uncommon trap: reason=class_check action=maybe_recompile pc=0x000000000408d0b4 method=java.util.HashMap.removeNode(ILjava/lang/Object;Ljava/lang/Object;ZZ)Ljava/util/HashMap$Node; @ 68
Event: 39.744 Thread 0x0000000057f47800 Uncommon trap: reason=class_check action=maybe_recompile pc=0x000000000408d0b4 method=java.util.HashMap.removeNode(ILjava/lang/Object;Ljava/lang/Object;ZZ)Ljava/util/HashMap$Node; @ 68
Event: 40.641 Thread 0x0000000057f47800 Uncommon trap: reason=class_check action=maybe_recompile pc=0x000000000410f244 method=org.springframework.beans.factory.support.AbstractBeanFactory.isTypeMatch(Ljava/lang/String;Lorg/springframework/core/ResolvableType;)Z @ 47
Event: 40.649 Thread 0x0000000057f47800 Uncommon trap: reason=bimorphic action=maybe_recompile pc=0x0000000002e87590 method=java.util.WeakHashMap.eq(Ljava/lang/Object;Ljava/lang/Object;)Z @ 7
Event: 40.686 Thread 0x0000000057f47800 Uncommon trap: reason=class_check action=maybe_recompile pc=0x000000000410f244 method=org.springframework.beans.factory.support.AbstractBeanFactory.isTypeMatch(Ljava/lang/String;Lorg/springframework/core/ResolvableType;)Z @ 47
Event: 40.712 Thread 0x0000000057f47800 Uncommon trap: reason=unstable_if action=reinterpret pc=0x0000000003dde650 method=org.springframework.asm.ClassReader.readUtf(II[C)Ljava/lang/String; @ 41
Event: 40.823 Thread 0x0000000057f47800 Uncommon trap: reason=class_check action=maybe_recompile pc=0x000000000410f244 method=org.springframework.beans.factory.support.AbstractBeanFactory.isTypeMatch(Ljava/lang/String;Lorg/springframework/core/ResolvableType;)Z @ 47
Event: 40.824 Thread 0x0000000057f47800 Uncommon trap: reason=unstable_if action=reinterpret pc=0x00000000033cd2dc method=java.util.HashMap.putMapEntries(Ljava/util/Map;Z)V @ 53

Internal exceptions (10 events):
Event: 40.672 Thread 0x0000000057f47800 Exception <a 'java/lang/ClassNotFoundException': org/springframework/beans/factory/BeanFactoryAwareCustomizer> (0x00000000f6200b30) thrown at [C:\re\workspace\8-2-build-windows-amd64-cygwin\jdk8u144\9417\hotspot\src\share\vm\classfile\systemDictionary.cpp
Event: 40.673 Thread 0x0000000057f47800 Exception <a 'java/lang/ClassNotFoundException': org/springframework/beans/factory/AwareCustomizer> (0x00000000f62165e0) thrown at [C:\re\workspace\8-2-build-windows-amd64-cygwin\jdk8u144\9417\hotspot\src\share\vm\classfile\systemDictionary.cpp, line 210]
Event: 40.674 Thread 0x0000000057f47800 Exception <a 'java/lang/ClassNotFoundException': org/springframework/context/ApplicationEventPublisherAwareCustomizer> (0x00000000f622ff48) thrown at [C:\re\workspace\8-2-build-windows-amd64-cygwin\jdk8u144\9417\hotspot\src\share\vm\classfile\systemDictio
Event: 40.675 Thread 0x0000000057f47800 Exception <a 'java/lang/ClassNotFoundException': org/springframework/beans/factory/AwareCustomizer> (0x00000000f6245ba0) thrown at [C:\re\workspace\8-2-build-windows-amd64-cygwin\jdk8u144\9417\hotspot\src\share\vm\classfile\systemDictionary.cpp, line 210]
Event: 40.697 Thread 0x0000000057f47800 Exception <a 'java/lang/ClassNotFoundException': java/lang/ObjectCustomizer> (0x00000000f6289740) thrown at [C:\re\workspace\8-2-build-windows-amd64-cygwin\jdk8u144\9417\hotspot\src\share\vm\classfile\systemDictionary.cpp, line 210]
Event: 40.698 Thread 0x0000000057f47800 Exception <a 'java/lang/ClassNotFoundException': org/springframework/core/io/support/PropertiesLoaderSupportCustomizer> (0x00000000f62a7c60) thrown at [C:\re\workspace\8-2-build-windows-amd64-cygwin\jdk8u144\9417\hotspot\src\share\vm\classfile\systemDicti
Event: 40.699 Thread 0x0000000057f47800 Exception <a 'java/lang/ClassNotFoundException': org/springframework/beans/factory/config/PropertiesFactoryBeanCustomizer> (0x00000000f62ccb80) thrown at [C:\re\workspace\8-2-build-windows-amd64-cygwin\jdk8u144\9417\hotspot\src\share\vm\classfile\systemDi
Event: 40.701 Thread 0x0000000057f47800 Exception <a 'java/lang/ClassNotFoundException': org/springframework/beans/factory/FactoryBeanCustomizer> (0x00000000f62f94e8) thrown at [C:\re\workspace\8-2-build-windows-amd64-cygwin\jdk8u144\9417\hotspot\src\share\vm\classfile\systemDictionary.cpp, lin
Event: 40.702 Thread 0x0000000057f47800 Exception <a 'java/lang/ClassNotFoundException': org/springframework/beans/factory/InitializingBeanCustomizer> (0x00000000f6314d40) thrown at [C:\re\workspace\8-2-build-windows-amd64-cygwin\jdk8u144\9417\hotspot\src\share\vm\classfile\systemDictionary.cpp
Event: 40.828 Thread 0x0000000057f47800 Exception <a 'java/lang/NoSuchMethodError': java.lang.Object.lambda$static$0(Ljava/lang/Object;)Lorg/springframework/expression/EvaluationContext;> (0x00000000f65fa270) thrown at [C:\re\workspace\8-2-build-windows-amd64-cygwin\jdk8u144\9417\hotspot\src\sh

Events (10 events):
Event: 41.363 loading class org/hibernate/stat/EntityStatistics done
Event: 41.364 loading class org/hibernate/internal/CoreMessageLogger_$logger_en_US
Event: 41.364 loading class org/hibernate/internal/CoreMessageLogger_$logger_en_US done
Event: 41.364 loading class org/hibernate/internal/CoreMessageLogger_$logger_en
Event: 41.364 loading class org/hibernate/internal/CoreMessageLogger_$logger_en done
Event: 41.369 loading class java/util/concurrent/atomic/LongAdder
Event: 41.374 loading class java/util/concurrent/atomic/Striped64
Event: 41.374 loading class java/util/concurrent/atomic/Striped64 done
Event: 41.374 loading class java/util/concurrent/atomic/LongAdder done
Event: 41.375 loading class java/util/concurrent/atomic/Striped64$Cell


Dynamic libraries:
0x000000013f420000 - 0x000000013f457000 	C:\Program Files\Java\jdk1.8.0_144\bin\javaw.exe
0x0000000077c90000 - 0x0000000077e39000 	C:\Windows\SYSTEM32\ntdll.dll
0x0000000077b70000 - 0x0000000077c8f000 	C:\Windows\system32\kernel32.dll
0x000007fefdc90000 - 0x000007fefdcfb000 	C:\Windows\system32\KERNELBASE.dll
0x000007feffae0000 - 0x000007feffbbb000 	C:\Windows\system32\ADVAPI32.dll
0x000007feffa40000 - 0x000007feffadf000 	C:\Windows\system32\msvcrt.dll
0x000007fefe950000 - 0x000007fefe96f000 	C:\Windows\SYSTEM32\sechost.dll
0x000007fefe820000 - 0x000007fefe94d000 	C:\Windows\system32\RPCRT4.dll
0x0000000077a70000 - 0x0000000077b6a000 	C:\Windows\system32\USER32.dll
0x000007fefe3c0000 - 0x000007fefe427000 	C:\Windows\system32\GDI32.dll
0x000007fefe300000 - 0x000007fefe30e000 	C:\Windows\system32\LPK.dll
0x000007fefe970000 - 0x000007fefea39000 	C:\Windows\system32\USP10.dll
0x000007fefc680000 - 0x000007fefc874000 	C:\Windows\WinSxS\amd64_microsoft.windows.common-controls_6595b64144ccf1df_6.0.7601.17514_none_fa396087175ac9ac\COMCTL32.dll
0x000007fefe520000 - 0x000007fefe591000 	C:\Windows\system32\SHLWAPI.dll
0x000007fefda70000 - 0x000007fefdac7000 	C:\Windows\system32\apphelp.dll
0x000007fef9e60000 - 0x000007fef9eba000 	C:\Windows\AppPatch\AppPatch64\AcLayers.DLL
0x000007fef5380000 - 0x000007fef53f1000 	C:\Windows\system32\WINSPOOL.DRV
0x000007fefae20000 - 0x000007fefae38000 	C:\Windows\system32\MPR.dll
0x000007fef99f0000 - 0x000007fef9e57000 	C:\Windows\AppPatch\AppPatch64\AcXtrnal.DLL
0x000007fef9ec0000 - 0x000007fef9f11000 	C:\Windows\AppPatch\AppPatch64\AcGenral.DLL
0x000007fefda40000 - 0x000007fefda65000 	C:\Windows\system32\SspiCli.dll
0x000007fefea40000 - 0x000007fefec43000 	C:\Windows\system32\ole32.dll
0x000007fefecb0000 - 0x000007feffa38000 	C:\Windows\system32\SHELL32.dll
0x0000000073c40000 - 0x0000000073c43000 	C:\Windows\system32\sfc.dll
0x000007fef6910000 - 0x000007fef6920000 	C:\Windows\system32\sfc_os.DLL
0x000007fefcf30000 - 0x000007fefcf4e000 	C:\Windows\system32\USERENV.dll
0x000007fefdbe0000 - 0x000007fefdbef000 	C:\Windows\system32\profapi.dll
0x000007fefbf90000 - 0x000007fefbfa8000 	C:\Windows\system32\dwmapi.dll
0x000007fefe310000 - 0x000007fefe33e000 	C:\Windows\system32\IMM32.DLL
0x000007fefdfe0000 - 0x000007fefe0e9000 	C:\Windows\system32\MSCTF.dll
0x0000000073f00000 - 0x0000000073fd2000 	C:\Program Files\Java\jdk1.8.0_144\jre\bin\msvcr100.dll
0x000000006a340000 - 0x000000006abdd000 	C:\Program Files\Java\jdk1.8.0_144\jre\bin\server\jvm.dll
0x000007fef4310000 - 0x000007fef4319000 	C:\Windows\system32\WSOCK32.dll
0x000007fefe4d0000 - 0x000007fefe51d000 	C:\Windows\system32\WS2_32.dll
0x000007fefdfb0000 - 0x000007fefdfb8000 	C:\Windows\system32\NSI.dll
0x000007fefbce0000 - 0x000007fefbd1b000 	C:\Windows\system32\WINMM.dll
0x000007fefcd40000 - 0x000007fefcd4c000 	C:\Windows\system32\VERSION.dll
0x0000000077e60000 - 0x0000000077e67000 	C:\Windows\system32\PSAPI.DLL
0x0000000074960000 - 0x000000007496f000 	C:\Program Files\Java\jdk1.8.0_144\jre\bin\verify.dll
0x0000000074930000 - 0x0000000074959000 	C:\Program Files\Java\jdk1.8.0_144\jre\bin\java.dll
0x0000000074580000 - 0x0000000074596000 	C:\Program Files\Java\jdk1.8.0_144\jre\bin\zip.dll
0x0000000074560000 - 0x000000007457a000 	C:\Program Files\Java\jdk1.8.0_144\jre\bin\net.dll
0x000007fefd410000 - 0x000007fefd465000 	C:\Windows\system32\mswsock.dll
0x000007fefd400000 - 0x000007fefd407000 	C:\Windows\System32\wship6.dll
0x0000000074540000 - 0x0000000074551000 	C:\Program Files\Java\jdk1.8.0_144\jre\bin\nio.dll
0x0000000074970000 - 0x000000007497d000 	C:\Program Files\Java\jdk1.8.0_144\jre\bin\management.dll
0x000007fefbd80000 - 0x000007fefbd95000 	C:\Windows\system32\NLAapi.dll
0x000007fef6580000 - 0x000007fef6595000 	C:\Windows\system32\napinsp.dll
0x000007fef6560000 - 0x000007fef6579000 	C:\Windows\system32\pnrpnsp.dll
0x000007fefd290000 - 0x000007fefd2eb000 	C:\Windows\system32\DNSAPI.dll
0x000007fef6550000 - 0x000007fef655b000 	C:\Windows\System32\winrnr.dll
0x000007fefce10000 - 0x000007fefce17000 	C:\Windows\System32\wshtcpip.dll
0x000007fefb840000 - 0x000007fefb867000 	C:\Windows\system32\IPHLPAPI.DLL
0x000007fefb830000 - 0x000007fefb83b000 	C:\Windows\system32\WINNSI.DLL
0x000007fef6060000 - 0x000007fef6068000 	C:\Windows\system32\rasadhlp.dll
0x000007fefb6e0000 - 0x000007fefb733000 	C:\Windows\System32\fwpuclnt.dll
0x000007fefd470000 - 0x000007fefd487000 	C:\Windows\system32\CRYPTSP.dll
0x000007fefd170000 - 0x000007fefd1b7000 	C:\Windows\system32\rsaenh.dll
0x000007fefdad0000 - 0x000007fefdadf000 	C:\Windows\system32\CRYPTBASE.dll
0x000007fefb6b0000 - 0x000007fefb6c1000 	C:\Windows\system32\dhcpcsvc6.DLL
0x000007fefb630000 - 0x000007fefb648000 	C:\Windows\system32\dhcpcsvc.DLL

VM Arguments:
jvm_args: -Dmaven.home=EMBEDDED -Dclassworlds.conf=C:\Users\Admin\workspace\.metadata\.plugins\org.eclipse.m2e.launching\launches\m2conf3025972171615891109.tmp -Dmaven.multiModuleProjectDirectory=C:\Users\Admin\workspace\ProductManager -Dfile.encoding=Cp1252 
java_command: org.codehaus.plexus.classworlds.launcher.Launcher -B -s C:\Users\Admin\.m2\settings.xml clean spring-boot:run
java_class_path (initial): /C:/Users/Admin/eclipse/plugins/org.eclipse.m2e.maven.runtime_1.7.0.20160603-1931/jars/plexus-classworlds-2.5.2.jar
Launcher Type: SUN_STANDARD

Environment Variables:
PATH=C:/Program Files/Java/jre1.8.0_144/bin/server;C:/Program Files/Java/jre1.8.0_144/bin;C:/Program Files/Java/jre1.8.0_144/lib/amd64;C:\ProgramData\Oracle\Java\javapath;C:\Windows\system32;C:\Windows;C:\Windows\System32\Wbem;C:\Windows\System32\WindowsPowerShell\v1.0\;C:\Program Files\Git\cmd;C:\Program Files\nodejs\;C:\Program Files\MySQL\MySQL Utilities 1.6\;C:\Program Files\Microsoft VS Code\bin;C:\Users\Admin\AppData\Roaming\npm;C:\Program Files\Java\jdk1.8.0_144\bin;;C:\Users\Admin\AppData\Local\Programs\Fiddler;C:\Users\Admin\eclipse;
USERNAME=Admin
OS=Windows_NT
PROCESSOR_IDENTIFIER=Intel64 Family 6 Model 62 Stepping 4, GenuineIntel



---------------  S Y S T E M  ---------------

OS: Windows 7 , 64 bit Build 7601 (6.1.7601.17514)

CPU:total 2 (initial active 2) (2 cores per cpu, 1 threads per core) family 6 model 62 stepping 4, cmov, cx8, fxsr, mmx, sse, sse2, sse3, ssse3, sse4.1, sse4.2, popcnt, avx, aes, clmul, erms, tsc

Memory: 4k page, physical 4193848k(269204k free), swap 16773548k(5104k free)

vm_info: Java HotSpot(TM) 64-Bit Server VM (25.144-b01) for windows-amd64 JRE (1.8.0_144-b01), built on Jul 21 2017 21:57:33 by "java_re" with MS VC++ 10.0 (VS2010)

time: Thu Jul 04 15:11:42 2019
elapsed time: 41 seconds (0d 0h 0m 41s)

